<?xml version="1.0" encoding="utf-8"?><testsuites name="pytest tests"><testsuite name="pytest" errors="0" failures="0" skipped="13" tests="89" time="0.449" timestamp="2026-09-09T21:03:32.713632+05:30" hostname="REVANTA"><testcase classname="tests.test_adapter_regressions" name="test_atomic_member_rejection[bad_row0]" time="0.001" /><testcase classname="tests.test_adapter_regressions" name="test_atomic_member_rejection[bad_row1]" time="0.001" /><testcase classname="tests.test_adapter_regressions" name="test_return_all_normalized_rows" time="0.001" /><testcase classname="tests.test_adapter_regressions" name="test_limit_does_not_read_next_member" time="0.001" /><testcase classname="tests.test_adapter_regressions" name="test_unterminated_csv_quote_rejected" time="0.000" /><testcase classname="tests.test_adapter_regressions" name="test_numeric_grammar_does_not_trim[50.0\n-1400000000\n]" time="0.000" /><testcase classname="tests.test_adapter_regressions" name="test_numeric_grammar_does_not_trim[50.0 -1400000000 ]" time="0.000" /><testcase classname="tests.test_adapter_regressions" name="test_decimal_no_rounding" time="0.000" /><testcase classname="tests.test_adapter_regressions" name="test_content_digest_has_unambiguous_framing" time="0.000" /><testcase classname="tests.test_adapter_regressions" name="test_embedded_crlf_preserved" time="0.000" /><testcase classname="tests.test_cyber_slice" name="test_repeated_snapshot_not_independent" time="0.016" /><testcase classname="tests.test_cyber_slice" name="test_copied_content_not_same_operator" time="0.010" /><testcase classname="tests.test_cyber_slice" name="test_discrepancy_not_handover_or_counterweight[same_source_hash_changed_vendor]" time="0.010" /><testcase classname="tests.test_cyber_slice" name="test_discrepancy_not_handover_or_counterweight[same_url_different_source_hash]" time="0.010" /><testcase classname="tests.test_cyber_slice" name="test_damaged_pgp_not_f1_evidence" time="0.001" /><testcase classname="tests.test_cyber_slice" name="test_missing_field_not_negative" time="0.010" /><testcase classname="tests.test_cyber_slice" name="test_hub_boundary[12-False]" time="0.010" /><testcase classname="tests.test_cyber_slice" name="test_hub_boundary[13-True]" time="0.013" /><testcase classname="tests.test_cyber_slice" name="test_mentions_not_accounts_and_excluded_origins" time="0.012" /><testcase classname="tests.test_cyber_slice" name="test_population_exclusions[lineage-mirror]" time="0.012" /><testcase classname="tests.test_cyber_slice" name="test_population_exclusions[lineage-confirmed_clone]" time="0.011" /><testcase classname="tests.test_cyber_slice" name="test_population_exclusions[eligibility-rejected]" time="0.012" /><testcase classname="tests.test_cyber_slice" name="test_population_exclusions[eligibility-quarantined]" time="0.012" /><testcase classname="tests.test_cyber_slice" name="test_unknown_population_is_not_clean_check" time="0.013" /><testcase classname="tests.test_cyber_slice" name="test_mixed_snapshots_rejected" time="0.011" /><testcase classname="tests.test_cyber_slice" name="test_hub_suppression_stays_in_snapshot_and_indicator_scope" time="0.013" /><testcase classname="tests.test_cyber_slice" name="test_clone_suppression_is_explicit_and_does_not_delete_origin" time="0.010" /><testcase classname="tests.test_cyber_slice" name="test_hard_contradiction_not_invented" time="0.012" /><testcase classname="tests.test_cyber_slice" name="test_k_ceiling_is_restriction_not_assessment[0-Weak]" time="0.001" /><testcase classname="tests.test_cyber_slice" name="test_k_ceiling_is_restriction_not_assessment[1-Weak]" time="0.001" /><testcase classname="tests.test_cyber_slice" name="test_k_ceiling_is_restriction_not_assessment[2-None]" time="0.000" /><testcase classname="tests.test_cyber_slice" name="test_k_ceiling_is_restriction_not_assessment[9-None]" time="0.000" /><testcase classname="tests.test_cyber_slice" name="test_invalid_k_rejected[-1]" time="0.000" /><testcase classname="tests.test_cyber_slice" name="test_invalid_k_rejected[True]" time="0.000" /><testcase classname="tests.test_cyber_slice" name="test_invalid_k_rejected[1]" time="0.000" /><testcase classname="tests.test_cyber_slice" name="test_invalid_k_rejected[1.5]" time="0.000" /><testcase classname="tests.test_cyber_slice" name="test_provenance_replays_every_span" time="0.006" /><testcase classname="tests.test_cyber_slice" name="test_tampered_derivation_cannot_pass[raw]" time="0.002" /><testcase classname="tests.test_cyber_slice" name="test_tampered_derivation_cannot_pass[start]" time="0.001" /><testcase classname="tests.test_cyber_slice" name="test_tampered_derivation_cannot_pass[family]" time="0.001" /><testcase classname="tests.test_cyber_slice" name="test_tampered_derivation_cannot_pass[provenance]" time="0.001" /><testcase classname="tests.test_cyber_slice" name="test_tampered_derivation_cannot_pass[id]" time="0.001" /><testcase classname="tests.test_cyber_slice" name="test_crypto_known_vectors_and_bad_checksum" time="0.000" /><testcase classname="tests.test_cyber_slice" name="test_unicode_offset_and_no_repair" time="0.001" /><testcase classname="tests.test_cyber_slice" name="test_no_substring_from_longer_token" time="0.001" /><testcase classname="tests.test_cyber_slice" name="test_review_packet_deterministic_and_no_truth_labels" time="0.020" /><testcase classname="tests.test_cyber_slice" name="test_duplicate_occurrence_ids_rejected" time="0.001" /><testcase classname="tests.test_cyber_slice" name="test_repeated_mentions_never_increase_hub_accounts" time="0.010" /><testcase classname="tests.test_cyber_slice" name="test_different_dataset_ids_do_not_prove_independence" time="0.003" /><testcase classname="tests.test_cyber_slice" name="test_html_escapes_untrusted_source" time="0.020" /><testcase classname="tests.test_cyber_slice" name="test_hub_validation_cannot_be_claimed_for_bad_address" time="0.011" /><testcase classname="tests.test_cyber_slice" name="test_missing_or_inconsistent_provenance_blocks_extraction" time="0.001" /><testcase classname="tests.test_cyber_slice" name="test_tampered_hub_result_rejected" time="0.014" /><testcase classname="tests.test_fixtures" name="test_g01_normal_listing" time="0.001"><skipped type="pytest.skip" message="Deep archive fixture disabled unless --archive-fixtures; archive may also be absent">C:\Users\revan\OneDrive\Documents\ChatGPT\pramana\tests\test_fixtures.py:41: Deep archive fixture disabled unless --archive-fixtures; archive may also be absent</skipped></testcase><testcase classname="tests.test_fixtures" name="test_g02_missing_description" time="0.001"><skipped type="pytest.skip" message="Deep archive fixture disabled unless --archive-fixtures; archive may also be absent">C:\Users\revan\OneDrive\Documents\ChatGPT\pramana\tests\test_fixtures.py:76: Deep archive fixture disabled unless --archive-fixtures; archive may also be absent</skipped></testcase><testcase classname="tests.test_fixtures" name="test_g03_missing_image" time="0.001" /><testcase classname="tests.test_fixtures" name="test_g04_missing_shipping" time="0.001" /><testcase classname="tests.test_fixtures" name="test_g05_g06_repeated_across_snapshots" time="0.001"><skipped type="pytest.skip" message="Deep archive fixture disabled unless --archive-fixtures; archive may also be absent">C:\Users\revan\OneDrive\Documents\ChatGPT\pramana\tests\test_fixtures.py:113: Deep archive fixture disabled unless --archive-fixtures; archive may also be absent</skipped></testcase><testcase classname="tests.test_fixtures" name="test_g07_malformed_price" time="0.001" /><testcase classname="tests.test_fixtures" name="test_g08_malformed_timestamp" time="0.001" /><testcase classname="tests.test_fixtures" name="test_g09_duplicate_source_row" time="0.001" /><testcase classname="tests.test_fixtures" name="test_g10_empty_fields_null_like_words" time="0.001" /><testcase classname="tests.test_fixtures" name="test_g11_unicode_vendor" time="0.001"><skipped type="pytest.skip" message="Deep archive fixture disabled unless --archive-fixtures; archive may also be absent">C:\Users\revan\OneDrive\Documents\ChatGPT\pramana\tests\test_fixtures.py:185: Deep archive fixture disabled unless --archive-fixtures; archive may also be absent</skipped></testcase><testcase classname="tests.test_fixtures" name="test_g12_whitespace_vendor" time="0.001" /><testcase classname="tests.test_fixtures" name="test_g13_whitespace_shipping" time="0.000" /><testcase classname="tests.test_fixtures" name="test_g14_identical_content_across_markets" time="0.000"><skipped type="pytest.skip" message="Deep archive fixture disabled unless --archive-fixtures; archive may also be absent">C:\Users\revan\OneDrive\Documents\ChatGPT\pramana\tests\test_fixtures.py:216: Deep archive fixture disabled unless --archive-fixtures; archive may also be absent</skipped></testcase><testcase classname="tests.test_fixtures" name="test_g15_conflicting_repeated_source_token" time="0.000"><skipped type="pytest.skip" message="Deep archive fixture disabled unless --archive-fixtures; archive may also be absent">C:\Users\revan\OneDrive\Documents\ChatGPT\pramana\tests\test_fixtures.py:233: Deep archive fixture disabled unless --archive-fixtures; archive may also be absent</skipped></testcase><testcase classname="tests.test_fixtures" name="test_g16_changed_add_time" time="0.000"><skipped type="pytest.skip" message="Deep archive fixture disabled unless --archive-fixtures; archive may also be absent">C:\Users\revan\OneDrive\Documents\ChatGPT\pramana\tests\test_fixtures.py:248: Deep archive fixture disabled unless --archive-fixtures; archive may also be absent</skipped></testcase><testcase classname="tests.test_fixtures" name="test_g17_same_day_suffix" time="0.001"><skipped type="pytest.skip" message="Deep archive fixture disabled unless --archive-fixtures; archive may also be absent">C:\Users\revan\OneDrive\Documents\ChatGPT\pramana\tests\test_fixtures.py:265: Deep archive fixture disabled unless --archive-fixtures; archive may also be absent</skipped></testcase><testcase classname="tests.test_fixtures" name="test_g18_opaque_image_token" time="0.000"><skipped type="pytest.skip" message="Deep archive fixture disabled unless --archive-fixtures; archive may also be absent">C:\Users\revan\OneDrive\Documents\ChatGPT\pramana\tests\test_fixtures.py:276: Deep archive fixture disabled unless --archive-fixtures; archive may also be absent</skipped></testcase><testcase classname="tests.test_fixtures" name="test_g19_directory_like_image_reference" time="0.000"><skipped type="pytest.skip" message="Deep archive fixture disabled unless --archive-fixtures; archive may also be absent">C:\Users\revan\OneDrive\Documents\ChatGPT\pramana\tests\test_fixtures.py:286: Deep archive fixture disabled unless --archive-fixtures; archive may also be absent</skipped></testcase><testcase classname="tests.test_fixtures" name="test_g20_damaged_pgp_like_prose" time="0.000"><skipped type="pytest.skip" message="Deep archive fixture disabled unless --archive-fixtures; archive may also be absent">C:\Users\revan\OneDrive\Documents\ChatGPT\pramana\tests\test_fixtures.py:296: Deep archive fixture disabled unless --archive-fixtures; archive may also be absent</skipped></testcase><testcase classname="tests.test_fixtures" name="test_g21_trailing_column" time="0.001" /><testcase classname="tests.test_fixtures" name="test_g22_multiline_quoted_cells" time="0.001" /><testcase classname="tests.test_fixtures" name="test_g23_url_collision" time="0.000"><skipped type="pytest.skip" message="Deep archive fixture disabled unless --archive-fixtures; archive may also be absent">C:\Users\revan\OneDrive\Documents\ChatGPT\pramana\tests\test_fixtures.py:330: Deep archive fixture disabled unless --archive-fixtures; archive may also be absent</skipped></testcase><testcase classname="tests.test_fixtures" name="test_g24_hash_is_not_a_digest" time="0.000" /><testcase classname="tests.test_fixtures" name="test_g25_source_market_spacing" time="0.000"><skipped type="pytest.skip" message="Deep archive fixture disabled unless --archive-fixtures; archive may also be absent">C:\Users\revan\OneDrive\Documents\ChatGPT\pramana\tests\test_fixtures.py:355: Deep archive fixture disabled unless --archive-fixtures; archive may also be absent</skipped></testcase><testcase classname="tests.test_fixtures" name="test_g26_integrity_schema_failure" time="0.001" /><testcase classname="canonicalization.tests.test_canonicalization" name="test_exact_duplicate_across_snapshots" time="0.003" /><testcase classname="canonicalization.tests.test_canonicalization" name="test_same_hash_different_content" time="0.001" /><testcase classname="canonicalization.tests.test_canonicalization" name="test_same_url_different_hash" time="0.001" /><testcase classname="canonicalization.tests.test_canonicalization" name="test_identical_title_description_across_markets" time="0.001" /><testcase classname="canonicalization.tests.test_canonicalization" name="test_near_duplicate_text" time="0.001" /><testcase classname="canonicalization.tests.test_canonicalization" name="test_unrelated_text" time="0.000" /><testcase classname="canonicalization.tests.test_canonicalization" name="test_empty_title_description" time="0.000" /><testcase classname="canonicalization.tests.test_canonicalization" name="test_unicode_preservation_behavior" time="0.001" /><testcase classname="canonicalization.tests.test_canonicalization" name="test_repeated_vendor_name_no_operator_assumption" time="0.002" /><testcase classname="canonicalization.tests.test_canonicalization" name="test_multiline_descriptions" time="0.001" /><testcase classname="canonicalization.tests.test_canonicalization" name="test_deterministic_repeated_execution" time="0.001" /></testsuite></testsuites>